{"message":"Project not found","level":"error"}
{"message":"Project not found","level":"error"}
{"message":"Project not found","level":"error"}
{"message":"Project not found","level":"error"}
{"message":"Project not found","level":"error"}
{"message":"Project not found","level":"error"}
{"message":"User not found","level":"error"}
{"message":"User not found","level":"error"}
{"message":"User has been deleted","level":"info"}
{"message":"User not found","level":"error"}
{"message":"User has been deleted","level":"info"}
{"message":"User not found","level":"error"}
{"message":"User not found","level":"error"}
{"message":"User not found","level":"error"}
{"message":"title is required","level":"info"}
{"message":"user_id is required","level":"info"}
{"message":"new project created with id number 6","level":"info"}
{"message":"new project created with id number 7","level":"info"}
{"message":"new project created with id number 8","level":"info"}
{"message":"project was deleted","level":"info"}
{"message":"project was updated","level":"info"}
{"message":"user doesn't exist","level":"error"}
{"message":"user doesn't exist","level":"error"}
{"message":"list was deleted","level":"info"}
{"message":"user doesn't exist","level":"error"}
{"message":"new project created with id number 9","level":"info"}
{"message":"title is required","level":"error"}
{"message":"user_id is required","level":"error"}
{"message":"new project created with id number 10","level":"info"}
{"message":"list was deleted","level":"info"}
{"message":"title is required","level":"error"}
{"message":"project_id is required","level":"error"}
{"message":"project_id is required","level":"error"}
{"message":"new project created with id number 6","level":"info"}
{"message":"project was updated","level":"info"}
{"message":"list was updated","level":"info"}
{"message":"new project created with id number 7","level":"info"}
{"message":"new project created with id number 8","level":"info"}
{"message":"new project created with id number 9","level":"info"}
{"message":"user_id is required","level":"error"}
{"message":"project was updated","level":"info"}
{"message":"project_id is required","level":"error"}
{"message":"list was updated","level":"info"}
{"message":"content is required","level":"error"}
{"message":"list_id is required","level":"error"}
{"message":"new project created with id number 5","level":"info"}
{"message":"card was deleted","level":"info"}
{"message":"card was updated","level":"info"}
{"message":"project was deleted","level":"info"}
{"message":"title is required","level":"error"}
{"message":"user_id is required","level":"error"}
{"message":"user_id is required","level":"error"}
{"message":"user_id is required","level":"error"}
{"message":"user_id is required","level":"error"}
{"message":"user_id is required","level":"error"}
{"message":"user_id is required","level":"error"}
{"message":"title is required","level":"error"}
{"message":"new project created with id number 6","level":"info"}
{"message":"list was updated","level":"info"}
{"message":"title is required","level":"error"}
{"message":"user_id is required","level":"error"}
{"message":"user_id is required","level":"error"}
{"message":"user_id is required","level":"error"}
{"message":"user_id is required","level":"error"}
{"message":"new project created with id number 12","level":"info"}
{"message":"new project created with id number 13","level":"info"}
{"message":"new project created with id number 14","level":"info"}
{"message":"new project created with id number 15","level":"info"}
{"message":"new project created with id number 16","level":"info"}
{"message":"new project created with id number 17","level":"info"}
{"message":"new project created with id number 18","level":"info"}
{"message":"new project created with id number 19","level":"info"}
{"message":"title is required","level":"error"}
{"message":"title is required","level":"error"}
{"message":"title is required","level":"error"}
{"message":"new project created with id number 20","level":"info"}
{"message":"new project created with id number 21","level":"info"}
{"message":"new project created with id number 22","level":"info"}
{"message":"new project created with id number 23","level":"info"}
{"message":"new project created with id number 24","level":"info"}
{"message":"new project created with id number 25","level":"info"}
{"message":"new project created with id number 26","level":"info"}
{"message":"new project created with id number 27","level":"info"}
{"message":"title is required","level":"error"}
{"message":"new project created with id number 28","level":"info"}
{"message":"new project created with id number 29","level":"info"}
{"message":"new project created with id number 30","level":"info"}
{"message":"user_id is required","level":"error"}
{"message":"new project created with id number 31","level":"info"}
{"message":"new project created with id number 7","level":"info"}
{"message":"project was deleted","level":"info"}
{"message":"project was deleted","level":"info"}
{"message":"project was deleted","level":"info"}
{"message":"project was deleted","level":"info"}
{"message":"project was deleted","level":"info"}
{"message":"project was deleted","level":"info"}
{"message":"project was deleted","level":"info"}
{"message":"project was deleted","level":"info"}
{"message":"project was deleted","level":"info"}
{"message":"project was deleted","level":"info"}
{"message":"project was deleted","level":"info"}
{"message":"project was deleted","level":"info"}
{"message":"project was deleted","level":"info"}
{"message":"project was deleted","level":"info"}
{"message":"project was deleted","level":"info"}
{"message":"project was deleted","level":"info"}
{"message":"project was deleted","level":"info"}
{"message":"new project created with id number 32","level":"info"}
{"message":"project was deleted","level":"info"}
{"message":"project was deleted","level":"info"}
{"message":"new project created with id number 33","level":"info"}
{"message":"project was deleted","level":"info"}
{"message":"new project created with id number 34","level":"info"}
{"message":"project was deleted","level":"info"}
{"message":"new project created with id number 35","level":"info"}
{"message":"project was deleted","level":"info"}
{"message":"new project created with id number 36","level":"info"}
{"message":"project was deleted","level":"info"}
{"message":"new project created with id number 37","level":"info"}
{"message":"new project created with id number 38","level":"info"}
{"message":"project was deleted","level":"info"}
{"message":"project was deleted","level":"info"}
{"message":"project was deleted","level":"info"}
{"message":"new project created with id number 39","level":"info"}
{"message":"project was deleted","level":"info"}
{"message":"project was deleted","level":"info"}
{"message":"project was deleted","level":"info"}
{"message":"new project created with id number 40","level":"info"}
{"message":"project was deleted","level":"info"}
{"message":"new project created with id number 41","level":"info"}
{"message":"project was deleted","level":"info"}
{"message":"new project created with id number 42","level":"info"}
{"message":"project was deleted","level":"info"}
{"message":"new project created with id number 43","level":"info"}
{"message":"project was deleted","level":"info"}
{"message":"new project created with id number 44","level":"info"}
{"message":"project was deleted","level":"info"}
{"message":"new project created with id number 45","level":"info"}
{"message":"project was deleted","level":"info"}
{"message":"new project created with id number 46","level":"info"}
{"message":"project was deleted","level":"info"}
{"message":"new project created with id number 47","level":"info"}
{"message":"project was deleted","level":"info"}
{"message":"project was deleted","level":"info"}
{"message":"new project created with id number 48","level":"info"}
{"message":"new list created with id number 8","level":"info"}
{"message":"project was deleted","level":"info"}
{"message":"new project created with id number 49","level":"info"}
{"message":"project was deleted","level":"info"}
{"message":"new project created with id number 50","level":"info"}
{"message":"new project created with id number 51","level":"info"}
{"message":"new project created with id number 52","level":"info"}
{"message":"new project created with id number 53","level":"info"}
{"message":"new project created with id number 54","level":"info"}
{"message":"new project created with id number 55","level":"info"}
{"message":"new project created with id number 56","level":"info"}
{"message":"new project created with id number 57","level":"info"}
{"message":"new project created with id number 58","level":"info"}
{"message":"project was deleted","level":"info"}
{"message":"new project created with id number 59","level":"info"}
{"message":"new project created with id number 60","level":"info"}
{"message":"new project created with id number 61","level":"info"}
{"message":"project was deleted","level":"info"}
{"message":"project was deleted","level":"info"}
{"message":"project was deleted","level":"info"}
{"message":"project was deleted","level":"info"}
{"message":"project was deleted","level":"info"}
{"message":"project was deleted","level":"info"}
{"message":"project was deleted","level":"info"}
